Dec 04, 2018 7:46:35 PM CipherTest testEncryptDecrypt
INFO: 
pt: ae5_m2D4xv2G;T2X[A|3iI{h4q-fX14q_La0RQ;t
encrypted: ᜘?䀾Ꝼ宀၌媲憪웸嫎㌉矍≹ᛖ䡼暖㧝꩷㸄欠禕唍搞䅥챞寝⨊ু詚腤⥪唝ኖជ귐
decrypted: ae5_m2D4xv2G;T2X[A|3iI{h4q-fX14q_La0RQ;t
Dec 04, 2018 7:46:35 PM CipherTest testEncryptDecrypt
INFO: 
pt: i}JHcx5}:q0w.M}kPibo}X{RCb}LLNOfD.mtqQne
encrypted: ᜭ?䀴ꟁ孱႕婴憥웶嫾㌂矀⋄ᛩ䢤晼㨙ꪆ㸘欠祿哾摮䅋챻寑⨥শ訿腆⦮唼ኖឺ귁
decrypted: i}JHcx5}:q0w.M}kPibo}X{RCb}LLNOfD.mtqQne
Dec 04, 2018 7:46:35 PM CipherTest testEncryptDecrypt
INFO: 
pt: rw8S]rEjVg9}A5N/HN|qdbwhw6@I^_m111juR6-:
encrypted: ᜛?䀮ꞻ宁ႂ媐憛웿嬄㋪矓⊕ᚭ䢉暖㨛ꪐ㷿欜禕哒搱䅈첌寣⩃ঁ訬腉⦯唝ቻ᝹궖
decrypted: rw8S]rEjVg9}A5N/HN|qdbwhw6@I^_m111juR6-:
Dec 04, 2018 7:46:35 PM CipherTest testEncryptDecrypt
INFO: 
pt: q;}Mqys-fdVZ;WU\VD^\}cVd5KThU_C@]PmU|/AK
encrypted: ᝠ?䁂Ꟃ宯၅媠憘윜嫡㌌矍⊜ᛚ䡿晸㨆ꪑ㸘櫻禑哧摅䅧첌寚⨙ঐ詘腨⦏啇ቴឍ궧
decrypted: q;}Mqys-fdVZ;WU\VD^\}cVd5KThU_C@]PmU|/AK
Dec 04, 2018 7:46:35 PM CipherTest testEncryptDecrypt
INFO: 
pt: 3Y3hEB[qvSrpM-11{yM0c7o-{hVb|tyBvKgh-Gxh
encrypted: ^᜖?䀖Ꞌ宗ႉ媰憇윸嫷㋢矟≸ᚯ䢴晧㧚ꩥ㷾欔祚唄摇䅡첡封⩏঒話腣⦢哸ኌោ귄
decrypted: 3Y3hEB[qvSrpM-11{yM0c7o-{hVb|tyBvKgh-Gxh
Dec 04, 2018 7:46:35 PM CipherTest testEncryptDecrypt
INFO: 
pt: w6h3I.NJAKdbOzPV}FKehNe|A\l@Zby1Z-Wg_R];
encrypted: ¢ᝋ?䀚ꝷ宊ၢ婻慿윪嫩㌯矡⊗ᛔ䢁晥㨏ꩼ㸃權禩哸摝䄿첏察⩏ঁ評腅⦡唪ኗឩ궗
decrypted: w6h3I.NJAKdbOzPV}FKehNe|A\l@Zby1Z-Wg_R];
Dec 04, 2018 7:46:35 PM CipherTest testEncryptDecrypt
INFO: 
pt: 2TD{8NLiQx.tRgLPwIEMNue3/Gy;\I0t_HAvTdH-
encrypted: ]ᜧ?䀉ꞗ守ႁ媋憬웴嫻㌜矤⊓ᛎ䢄晟㧷ꪣ㷩權祠哣摪䄺챶寡⨆ৄ詚腠⦰唟ኩប궉
decrypted: 2TD{8NLiQx.tRgLPwIEMNue3/Gy;\I0t_HAvTdH-
Dec 04, 2018 7:46:35 PM CipherTest testEncryptDecrypt
INFO: 
pt: 1b]r2f|p;sx/M^}-bLu{}cHs5-e;_}h6}P}^auY^
encrypted: \ᝀ?䀃ꞯ宸ႈ婵憧윾媶㌓矟⋄ᚫ䢇暏㨥ꪑ㸘櫭禠哉摖䄺첪寤⨾আ詸腨⦘唬ኺឥ궺
decrypted: 1b]r2f|p;sx/M^}-bLu{}cHs5-e;_}h6}P}^auY^
Dec 04, 2018 7:46:35 PM CipherTest testEncryptDecrypt
INFO: 
pt: {XcNXNF_V8Igi[N8eGce3q|Z1QKOyRPHG3ix^u7}
encrypted: ¦ᝆ?䀩ꞗ宂ၷ媐慬윏嫮㌐矻⊕ᚶ䢂晽㨏ꪟ㷎次禇哭搼䅎챿対⨦ঘ詂腋⦲唩ኺឃ귙
decrypted: {XcNXNF_V8Igi[N8eGce3q|Z1QKOyRPHG3ix^u7}
Dec 04, 2018 7:46:35 PM CipherTest testEncryptDecrypt
INFO: 
pt: uVD-p9O{h2XTf985v\iEwgPrm:[_v.:@XYM}oODE
encrypted:  ᜧ?䁁Ꞃ宋႓媢慦윞嫛㋮矸≿ᚳ䢗暃㧯ꪕ㸒櫵禟哖摌䅞챛寻⨐ঐ詓腱⦷唺ኔថ궡
decrypted: uVD-p9O{h2XTf985v\iEwgPrm:[_v.:@XYM}oODE
Dec 04, 2018 7:46:35 PM CipherTest testEncryptDecrypt
INFO: 
pt: 4;yTKX7/W402VjqOd974VXK|t@Bw.@g9:CB49mOS
encrypted: _᝜?䀜ꞡ孳၇媑慨웶媹㌟矨⊸ᛍ䡴晑㧞ꪆ㷱櫰禩哜搳䅶챭害⨽উ訵腛⥮唄ኲល궯
decrypted: 4;yTKX7/W402VjqOd974VXK|t@Bw.@g9:CB49mOS
Dec 04, 2018 7:46:35 PM CipherTest testEncryptDecrypt
INFO: 
pt: nXkFtlOeHryn\fiDmfgu_.UO1FEI{QjkKd1d|Uo^
encrypted: ᝎ?䁅ꞵ宋ၽ媂憦윿嫵㌛矮⊰ᛂ䢡暁㨟꩜㷺櫺祼哢搶䅈챾尀⩀঻詆腼⦞啇ኚុ궺
decrypted: nXkFtlOeHryn\fiDmfgu_.UO1FEI{QjkKd1d|Uo^
Dec 04, 2018 7:46:35 PM CipherTest testEncryptDecrypt
INFO: 
pt: U/-OqEVPw6g{q}l8MxIM3hpKLVLNs1Qq:kiBe-j_
encrypted: ᜐ?䁂ꞎ宒ၨ媱慪윭嬂㌲砃⊳ᚶ䢳晣㧷ꪖ㷎欕祸哲搽䅍챞寸⨧ু訵膃⥼唰ቲា궻
decrypted: U/-OqEVPw6g{q}l8MxIM3hpKLVLNs1Qq:kiBe-j_
Dec 04, 2018 7:46:35 PM CipherTest testEncryptDecrypt
INFO: 
pt: dw/PLGZtJ{o\iMU8m|Fpjx_x1nq.mYDnDI.KdOl3
encrypted: ᜒ?䀝Ꞑ宖ႌ媄憯융嫣㌂矻⊜ᚶ䢷晠㨚ꪦ㸅欄禥唊摢䄭첆寲⨚া訿腡⦅唯ኔី궏
decrypted: dw/PLGZtJ{o\iMU8m|Fpjx_x1nq.mYDnDI.KdOl3
Dec 04, 2018 7:46:35 PM CipherTest testEncryptDecrypt
INFO: 
pt: 5h.MtfXj1V]}^rtD_/5w3;bgIGJmosxxqu.2J6jt
encrypted: `ᜑ?䁅ꞯ宔ႂ婫憊윣嬄㌧矰⊻ᛂ䡪晏㨡ꩩ㷎欇禔哣搻䅬철寴⩎ৈ詬膍⥬唕ቻា귐
decrypted: 5h.MtfXj1V]}^rtD_/5w3;bgIGJmosxxqu.2J6jt
Dec 04, 2018 7:46:35 PM CipherTest testEncryptDecrypt
INFO: 
pt: 0VcbqNOG/OABDkpI@h7Ez5MN8.-Pz2AErHZlI:pg
encrypted: [ᝆ?䁂ꞗ宋ၟ婩憃윇嫉㌠矖⊷ᛇ䢣晑㧯ꩣ㸕櫲祻哊搞䅏챟寿⨗ক詭腠⦦唔ቿូ귃
decrypted: 0VcbqNOG/OABDkpI@h7Ez5MN8.-Pz2AErHZlI:pg
Dec 04, 2018 7:46:35 PM CipherTest testEncryptDecrypt
INFO: 
pt: W{an7{OLn;hkrhEVPpCIe|id8GoXqKFs@9vFPvSS
encrypted: ᝄ?䀈Ꞔ宋ၤ媨慯윮嫲㌝砄⊌ᛔ䢫晝㧳ꪪ㸀欎禑哣摠䅗챸寶⨜ৃ註腑⦀唛ኻស궯
decrypted: W{an7{OLn;hkrhEVPpCIe|id8GoXqKFs@9vFPvSS
Dec 04, 2018 7:46:35 PM CipherTest testEncryptDecrypt
INFO: 
pt: F.IW[}HN0QY6L\lmoC]FGQYtgL8.2/.vD]8d|aKC
encrypted: qᜬ?䀬Ᶎ宄ၦ婪憅윟媽㌑矞⊳᛫䡾晷㧰ꩿ㷢櫾禡哨搩䄭챜宷⨄৆訿腵⦞啇ኦភ궟
decrypted: F.IW[}HN0QY6L\lmoC]FGQYtgL8.2/.vD]8d|aKC
Dec 04, 2018 7:46:35 PM CipherTest testEncryptDecrypt
INFO: 
pt: Fu-;@z}FbMyfQ^I4_B|;F8/:EQ9NxxQ1-{j}48tJ
encrypted: qᜐ?䀑ꟃ容ၞ媜憁윿嫭㌓矣⊐ᚲ䡽暖㧥ꩦ㷡櫔祧哭搪䅍첥寽⨧ঁ訨膓⦷哿ችៀ궦
decrypted: Fu-;@z}FbMyfQ^I4_B|;F8/:EQ9NxxQ1-{j}48tJ
Dec 04, 2018 7:46:35 PM CipherTest testEncryptDecrypt
INFO: 
pt: Q5so^;qoOZG|R50A02kcGe9PXcZs9Ri7z2:oFBig
encrypted: |᝖?䀯Ꞅ宭ႇ媉憎윍嬃㋪矤≷ᚿ䡭暅㨍ꪓ㷢櫞祽哿摋䅲챿宾⨿ই詵腊⦩唑ኇ឵귃
decrypted: Q5so^;qoOZG|R50A02kcGe9PXcZs9Ri7z2:oFBig
Dec 04, 2018 7:46:35 PM CipherTest testEncryptDecrypt
INFO: 
pt: RNU6JhRn2aY2lxhctsI|KHDkwWtlDiQ[vKg\Y9/t
encrypted: }᜸?䀛Ʇ宎ႆ婬憕윟媹㌭矾⊯ᛡ䢮晣㨦ꩶ㷦櫩禘哳摥䅫첖寉⨧ফ話腣⦖唤ቾ᝻귐
decrypted: RNU6JhRn2aY2lxhctsI|KHDkwWtlDiQ[vKg\Y9/t
Dec 04, 2018 7:46:35 PM CipherTest testEncryptDecrypt
INFO: 
pt: GVX0jeDi]]TYDkG5oRwFrE;bp\L2nfbDjWy7D7lT
encrypted: r᜻?䀻Ɪ宀ႁ媗憑윚嫠㌠矖⊎ᚳ䢍暑㧰ꩳ㸍櫠福哸搽䄱첓寳⨸ঔ詥腯⥱唏ቼី궰
decrypted: GVX0jeDi]]TYDkG5oRwFrE;bp\L2nfbDjWy7D7lT
Dec 04, 2018 7:46:35 PM CipherTest testEncryptDecrypt
INFO: 
pt: BxyA^XpDB4L-yd.aBM9PdHO1{H.0b@SIGC^1ROh^
encrypted: m᝜?䀯ꞡ宬ၜ婼慨윒媴㌙砋≵ᛟ䢈晓㧺ꩶ㷿櫴神哤搟䄯챭寧⨩ঙ詂腛⥫唝ኔ឴궺
decrypted: BxyA^XpDB4L-yd.aBM9PdHO1{H.0b@SIGC^1ROh^
Dec 04, 2018 7:46:35 PM CipherTest testEncryptDecrypt
INFO: 
pt: MAEE:|H;^laaXxYvbUlVTl[uJ|2ACjWAy2[X]2A\
encrypted: xᜨ?䀋Ʂ宄ၓ媘憠윧嫨㌭矪⊠ᛴ䢐暆㨀ꪚ㷯欀禢唘搣䅀첗寈⨭঑詴腊⦒唨ቷឍ궸
decrypted: MAEE:|H;^laaXxYvbUlVTl[uJ|2ACjWAy2[X]2A\
Dec 04, 2018 7:46:35 PM CipherTest testEncryptDecrypt
INFO: 
pt: [}:qRv-0-INVo\twoN}6dHcQhhCurdmQ_B5HuOE:
encrypted: ᜝?䀣ꞿ孩၈婧慽윔嫝㌑码⊻ᛵ䢉暗㧠ꩶ㷿欈祾唄搴䅴첑寷⩃ড詚腚⦂啀ኔទ궖
decrypted: [}:qRv-0-INVo\twoN}6dHcQhhCurdmQ_B5HuOE:
Dec 04, 2018 7:46:35 PM CipherTest testEncryptDecrypt
INFO: 
pt: |ntrGw-_Z9oy{8\Fjzbsc8bDZhl6qefdNN6;wZSs
encrypted: §᝗?䀘Ꟁ孩ၷ媔慭융嬀㋭砍⊣ᛄ䢵晼㨝ꩦ㷾欇祱唄摝䄵첒寶⨼঴詉腦⥵啂ኟស귏
decrypted: |ntrGw-_Z9oy{8\Fjzbsc8bDZhl6qefdNN6;wZSs
Dec 04, 2018 7:46:35 PM CipherTest testEncryptDecrypt
INFO: 
pt: [/ZgLI4TSbp/kf3Jx:lKC1Ih[zy:qfnOl{iDu{4/
encrypted: ᜽?䀝Ꞓ孰ၬ媍憖윶媶㌛矽≺ᛈ䡵暆㧵꩟㷞櫮禕唖摪䄹첓寶⩄ট詧膓⥾啀ዀក궋
decrypted: [/ZgLI4TSbp/kf3Jx:lKC1Ih[zy:qfnOl{iDu{4/
Dec 04, 2018 7:46:35 PM CipherTest testEncryptDecrypt
INFO: 
pt: 6:l.u}QZAI|N@NM7N-}j{T|IVE[8z7vXTLZFHU/L
encrypted: aᝏ?䁆Ᶎ宍ၲ婻慽읂嫕㌃矒⊔ᚵ䡨暗㨔ꪂ㸖次祶員摌䄷챤寿⩌ন詏腤⦀唓ኚ᝻궨
decrypted: 6:l.u}QZAI|N@NM7N-}j{T|IVE[8z7vXTLZFHU/L
Dec 04, 2018 7:46:35 PM CipherTest testEncryptDecrypt
INFO: 
pt: ^[QEZEnD;\BgV\fXe66;lMIZ7;XyTVGreZnlIAQ_
encrypted: ᜴?䀫ꞎ宪ၜ婵憐윈嫮㌑矨⊭ᛖ䡱晐㧥ꩻ㸇櫮禇哗摉䅸첃寙⨝ূ詠腲⦦唔ኆឝ궻
decrypted: ^[QEZEnD;\BgV\fXe66;lMIZ7;XyTVGreZnlIAQ_
Dec 04, 2018 7:46:35 PM CipherTest testEncryptDecrypt
INFO: 
pt: xCZKdST3DU-vxm|TQ-0DQunR4{U7C}}mnqUyiM02
encrypted: £᜽?䀵Ꞝ宐။婾憉웳嫽㌢砊⋃ᛒ䡨晊㧮ꪣ㷬欓祿唗摆䄶첪寈⩓ঽ詩膉⦳唴ኒ᝼궎
decrypted: xCZKdST3DU-vxm|TQ-0DQunR4{U7C}}mnqUyiM02
Dec 04, 2018 7:46:35 PM CipherTest testEncryptDecrypt
INFO: 
pt: e^L80am9qs;nhWi-N[:vjO|m7Rr6f241KqNT-SSB
encrypted: ᜯ?䀁Ɦ宩ၑ媫憧윁嫵㌌矺⊰ᚫ䢖晔㨠ꩽ㸅次禚哮摣䄵챟寫⨊ঁ詆膉⦎哸ኘស궞
decrypted: e^L80am9qs;nhWi-N[:vjO|m7Rr6f241KqNT-SSB
Dec 04, 2018 7:46:35 PM CipherTest testEncryptDecrypt
INFO: 
pt: KIZb.CGYqQJ-xgxxoD_j{JlizMoLCM4||_.v_TRF
encrypted: v᜽?㿿ꞌ它ၱ媫憅윐媴㌜砊⊿ᛶ䡿晹㨔꩸㸖欑禖哩摠䅋챺寈⨊ৌ詷腷⦰唪ኙឞ궢
decrypted: KIZb.CGYqQJ-xgxxoD_j{JlizMoLCM4||_.v_TRF
Dec 04, 2018 7:46:35 PM CipherTest testEncryptDecrypt
INFO: 
pt: 5;^b^oWAuBe][72\^_8FAmgGb^kON|B}9lU[/MNd
encrypted: `ᝁ?䀯Ꞹ宓ၙ媯慶윫嫤㋬短≹ᛚ䢚晒㧰ꪛ㷜欌祴哺摜䅎첩寓⨘্訴膄⦕哺ኒរ귀
decrypted: 5;^b^oWAuBe][72\^_8FAmgGb^kON|B}9lU[/MNd
Dec 04, 2018 7:46:35 PM CipherTest testEncryptDecrypt
INFO: 
pt: gizX0vO{.EV8|W@|3^yJcjLtmZozGZr8qX0f3\{d
encrypted: ᝝?䀁ꞿ宋႓婨慹윜媿㌌砎⊇᛺䢙暓㧴ꪘ㷾櫱禡哶摠䅹첇富⩈ঈ詬腰⦠哾ኡះ귀
decrypted: gizX0vO{.EV8|W@|3^yJcjLtmZozGZr8qX0f3\{d
Dec 04, 2018 7:46:35 PM CipherTest testEncryptDecrypt
INFO: 
pt: fCxqN7F7x[JU-;jsUbD[ZzsaBXWh^U5_Q-M2H|pg
encrypted: ᝛?䀟Ꞁ宂၏媲憏윐嫜㋰瞿⊱ᛱ䢝晞㨅ꪨ㷵欘禎哴摈䅧첂寣⨋য詌腅⥬唓዁ូ귃
decrypted: fCxqN7F7x[JU-;jsUbD[ZzsaBXWh^U5_Q-M2H|pg
Dec 04, 2018 7:46:35 PM CipherTest testEncryptDecrypt
INFO: 
pt: D0^GFnBtlkkwYioRP[I{tv^U/_:/j.4:|D|g[fkd
encrypted: oᝁ?䀗ꞷ孾ႌ媦憟윱嫾㌞矫⊶ᛐ䢖晣㨥ꪤ㸏欃禂哻搫䄮챛寯⨊ঊ詷腜⦡唦ካិ귀
decrypted: D0^GFnBtlkkwYioRP[I{tv^U/_:/j.4:|D|g[fkd
Dec 04, 2018 7:46:35 PM CipherTest testEncryptDecrypt
INFO: 
pt: JX600qmX3eyaqof_l7ghhI|^sJ7-bu80IdRd6[6E
encrypted: u᜙?䀁Ꞻ宩ၰ婭憙윿嫨㌤砃⊭ᛝ䡲暁㨒꩷㸃次禋哦搨䄬첢寧⨎ঀ詄腼⦞唁አគ궡
decrypted: JX600qmX3eyaqof_l7ghhI|^sJ7-bu80IdRd6[6E
Dec 04, 2018 7:46:35 PM CipherTest testEncryptDecrypt
INFO: 
pt: Y2atE5pZ7F6g.[lXIlhf;ml8e{N2ylgZKGX3hEq^
encrypted: ᝄ?䀖Ꝿ宬ၲ婱慺웼嫮㌐矀⊳ᛖ䢧暂㨐ꪛ㷖欑祥唗搿䄱척対⨽প詆腟⥭唳ኊួ궺
decrypted: Y2atE5pZ7F6g.[lXIlhf;ml8e{N2ylgZKGX3hEq^
Dec 04, 2018 7:46:35 PM CipherTest testEncryptDecrypt
INFO: 
pt: H/NZxE]Dau9T.t3IzvkU;fDZ{f/Y]LL/t[i7D^I]
encrypted: sᜱ?䁉ꞎ宙ၜ媛憩웿嫛㌩矀≺ᛇ䢱暅㧿ꪔ㷖櫩禇唂搠䅘챹寢⨢ॿ詯腳⥱唏ኣផ궹
decrypted: H/NZxE]Dau9T.t3IzvkU;fDZ{f/Y]LL/t[i7D^I]
Dec 04, 2018 7:46:35 PM CipherTest testEncryptDecrypt
INFO: 
pt: OoNQV-.orsw{HbQL[b-bfQcDAE|nfY6KcI-Y.w}D
encrypted: zᜱ?䀧ꝶ孪ႇ媬憧윽嬂㌗矚⊘ᛊ䢝晇㨌ꩿ㸁欈祱員摭䅭첆寫⨌ছ詞腡⦓哹ኼ៉궠
decrypted: OoNQV-.orsw{HbQL[b-bfQcDAE|nfY6KcI-Y.w}D
Dec 04, 2018 7:46:35 PM CipherTest testEncryptDecrypt
INFO: 
pt: CzPKjHR-\Hz-vzRvYa_.:5y3kp/sVD8;VBk:Dlg4
encrypted: nᜳ?䀻ꞑ宎၅媖慼은媴㌯砈⊙ᛴ䢜晹㧘ꩣ㷕欞祠唌搠䅲챱寛⨎ঋ詑腚⥴唏኱ឳ궐
decrypted: CzPKjHR-\Hz-vzRvYa_.:5y3kp/sVD8;VBk:Dlg4
Dec 04, 2018 7:46:35 PM CipherTest testEncryptDecrypt
INFO: 
pt: QLcgrgx.JVe:|Y2-8|ZQpL4/m-wK8TmTPpF^jqeW
encrypted: |ᝆ?䁃Ʞ宴၆媄憊윫嫁㌎砎≹ᚫ䢷晴㧻ꩺ㸋櫙祜哉摨䅊첁宽⩃ত詋膈⦘唵኶ឱ궳
decrypted: QLcgrgx.JVe:|Y2-8|ZQpL4/m-wK8TmTPpF^jqeW
Dec 04, 2018 7:46:35 PM CipherTest testEncryptDecrypt
INFO: 
pt: Dzh/6.n@n[xn[e]\W|7eBiL\Cc-|hLmX9;nXFv07
encrypted: oᝋ?䀇ꝷ宪ၘ媨憏윾嫵㌚短⊤ᛚ䢷晑㨏ꪗ㷝櫱禉哿搞䅻챹寭⩃ন訴腓⦒唑ኻ᝼궓
decrypted: Dzh/6.n@n[xn[e]\W|7eBiL\Cc-|hLmX9;nXFv07
Dec 04, 2018 7:46:35 PM CipherTest testEncryptDecrypt
INFO: 
pt: xxChI3A7R6^VL0G^.x6cCVykLClHBh1Q7LM]}[BO
encrypted: £ᜦ?䀚ꝼ孽၏媌慪윤嫝㋥矞⊎ᛜ䢳晐㨍ꪄ㷞欞禘哟摝䅇첕寇⨇ড訲腤⦗啈አណ궫
decrypted: xxChI3A7R6^VL0G^.x6cCVykLClHBh1Q7LM]}[BO
Dec 04, 2018 7:46:35 PM CipherTest testEncryptDecrypt
INFO: 
pt: I9Q\cz^uz0O7sutWc\E{8WM7bEQi@OsaV3APutyr
encrypted: t᜴?䀴ꟃ定ႍ媴慤윕媾㌪砅⊻ᛕ䢗晟㨥ꪅ㷓櫲祤員摂䅨챼寅⩉঱詑腋⦊啀ኹៅ귎
decrypted: I9Q\cz^uz0O7sutWc\E{8WM7bEQi@OsaV3APutyr
Dec 04, 2018 7:46:35 PM CipherTest testEncryptDecrypt
INFO: 
pt: K\QV|]-29qYy:@O[j7J6iRpLFJ[3rMW5gypmy]AK
encrypted: v᜴?䁍Ꞧ孩၊婳憥윟嬀㋵矌⊖ᛙ䡲晤㧠ꪀ㸄欕祹哦摌䄲챺寷⨭অ詢膑⦧啄ኢឍ궧
decrypted: K\QV|]-29qYy:@O[j7J6iRpLFJ[3rMW5gypmy]AK
Dec 04, 2018 7:46:35 PM CipherTest testEncryptDecrypt
INFO: 
pt: OL1m2VZW8Mz3JjHT7IY|;fsrDhh7iOzo46LMSiQv
encrypted: z᜔?䀃ꞟ宖ၯ婲憁은媺㌟矜⊏ᛒ䢄晳㨦ꪔ㷖欘禟唄摙䄶챼寮⩐ি訯腎⦇唞ኮឝ귒
decrypted: OL1m2VZW8Mz3JjHT7IY|;fsrDhh7iOzo46LMSiQv
Dec 04, 2018 7:46:35 PM CipherTest testEncryptDecrypt
INFO: 
pt: elueD/I:b]:0nE8_q]d7XmeCo@r_Z9Zwwa;bXAK2
encrypted: ᝘?䀕ꝸ宅ၒ媜憑윀媷㋺砀≿ᛝ䢘晾㧡ꪛ㷳權祰哜摣䅞챦察⨰ে該腹⦜唣ኆភ궎
decrypted: elueD/I:b]:0nE8_q]d7XmeCo@r_Z9Zwwa;bXAK2
Dec 04, 2018 7:46:35 PM CipherTest testEncryptDecrypt
INFO: 
pt: N2{yKhOiRis[EAIR@6LhiaKD^0pcx;OyBxdv-E7T
encrypted: y᝞?䀜Ʇ宋ႁ媌憝윹嫢㋶矗⊐ᛐ䡱晦㨒ꪏ㸄櫰祱哌摡䅢챨寽⨥৉訽膐⦰哸ኊឃ궰
decrypted: N2{yKhOiRis[EAIR@6LhiaKD^0pcx;OyBxdv-E7T
Dec 04, 2018 7:46:36 PM CipherTest testEncryptDecrypt
INFO: 
pt: ggu5_Lrb@0IvwJ2@b82:[_r/{Vbgj1XDXIDY[7dO
encrypted: ᝘?䀰ꞕ宮ၺ婺慤윏嫽㋿砉≹ᚾ䡳晌㧤ꪍ㷶欗祜哲摓䅦챞寯⨮ঔ詓腡⦓唦ቼឰ궫
decrypted: ggu5_Lrb@0IvwJ2@b82:[_r/{Vbgj1XDXIDY[7dO
Dec 04, 2018 7:46:36 PM CipherTest testEncryptDecrypt
INFO: 
pt: exx}wKmX5kVze1P3|.}u_fDe\d.nRJHJgE/D^8uZ
encrypted: ᝛?䁈ꞔ宩ၰ婯憟윜嬁㋦矷⊗ᚱ䡩暗㨟ꪔ㷺櫩禒唀搟䅭챷寗⨞চ詢腝⥾唩ችេ궶
decrypted: exx}wKmX5kVze1P3|.}u_fDe\d.nRJHJgE/D^8uZ
Dec 04, 2018 7:46:36 PM CipherTest testEncryptDecrypt
INFO: 
pt: W6Xf^-Y3V-;sH6LM{AM}:C.QD}1eY78ZS-4exzPs
encrypted: ᜻?䀯ꝶ宕။媐慡윁嫺㋫矚⊓ᛋ䡼晧㨧ꩱ㷕櫓祾唙搢䅤챤寞⨎প詎腅⦟啃኿វ귏
decrypted: W6Xf^-Y3V-;sH6LM{AM}:C.QD}1eY78ZS-4exzPs
Dec 04, 2018 7:46:36 PM CipherTest testEncryptDecrypt
INFO: 
pt: 0}I5Yy33:bby23KX0YlD6r57hf/YBh]Fxa5bE^\G
encrypted: [ᜬ?䀪Ꟃ孯။婴憖율嬀㋨矄⊒ᛖ䢔暆㧮ꪠ㷑櫚祤唂搠䅘첕寇⨳খ詳腹⦜唐ኣឨ궣
decrypted: 0}I5Yy33:bby23KX0YlD6r57hf/YBh]Fxa5bE^\G
Dec 04, 2018 7:46:36 PM CipherTest testEncryptDecrypt
INFO: 
pt: 1uy8:;fP;Uj/yM-nNakP1KX.w4xDZhh\SI:UB@2C
encrypted: \᝜?䀋Ꞅ客ၨ婵憉윰媶㌂砋≴᛬䢜暅㧺꩹㷌櫽祛哐摩䅃첕察⨾ব詎腡⦏唍ኅ᝾궟
decrypted: 1uy8:;fP;Uj/yM-nNakP1KX.w4xDZhh\SI:UB@2C
Dec 04, 2018 7:46:36 PM CipherTest testEncryptDecrypt
INFO: 
pt: pxR:FkklY5n7von_4dpEUawIJ{d54;7STW6^O/j_
encrypted: ᜵?䀗Ꞵ宧ႄ媓慩윴媾㌤砈⊵ᛝ䢟暊㧯ꪏ㷰欜祶唗摕䄴챨容⨍ণ詏腯⦘唚ቴា궻
decrypted: pxR:FkklY5n7von_4dpEUawIJ{d54;7STW6^O/j_
Dec 04, 2018 7:46:36 PM CipherTest testEncryptDecrypt
INFO: 
pt: Vmf8/iRI@R|mDYxq6tFwL8_0jwn7lYj4z/UcP5-l
encrypted: ᝉ?䀀Ʝ宎ၡ婺憆읂嫴㌎矖⊿ᛯ䢯晠㨡ꩦ㷧欄祝唓摟䄶첆寱⩀঄詵腇⦝唛ቺ᝹귈
decrypted: Vmf8/iRI@R|mDYxq6tFwL8_0jwn7lYj4z/UcP5-l
Dec 04, 2018 7:46:36 PM CipherTest testEncryptDecrypt
INFO: 
pt: aJ|kOCB;riBzOz/4ge4[khQQk;zpjMPZlPavU/6g
encrypted: ᝟?䀠ꞌ孾ၓ媬憝윈嬁㌯矡≶ᚲ䢠晎㨅ꪖ㸆櫶祾哗摫䅯챺寯⨦প詧腨⦰唠ቴគ귃
decrypted: aJ|kOCB;riBzOz/4ge4[khQQk;zpjMPZlPavU/6g
Dec 04, 2018 7:46:36 PM CipherTest testEncryptDecrypt
INFO: 
pt: SlI9oaGC4V{MqQiMTiX_/@;|[fDTe\Sn4}4{giCi
encrypted: ~ᜬ?䁀Ɦ它ၛ婮憊읁嫔㌆砃⊰ᛋ䢤晲㨉ꩮ㷊櫠禩唂搵䅓첉寪⨩া訯膕⦵唲ኮត귅
decrypted: SlI9oaGC4V{MqQiMTiX_/@;|[fDTe\Sn4}4{giCi
Dec 04, 2018 7:46:36 PM CipherTest testEncryptDecrypt
INFO: 
pt: VXxrF/IgH0{\T5sH.Re[rDiyxO:h5le;sbJ3/I9a
encrypted: ᝛?䀗ꝸ宅ၿ媂慤읁嫣㋪矦⊺ᛆ䢍晿㨅ꩲ㸍欎禦哫搫䅧척宺⨻ঋ詮腺⥭哺኎ច궽
decrypted: VXxrF/IgH0{\T5sH.Re[rDiyxO:h5le;sbJ3/I9a
Dec 04, 2018 7:46:36 PM CipherTest testEncryptDecrypt
INFO: 
pt: KzrFmMv^YqMIsxJ[2]6@]e^vNSB\6MQhLW[727YN
encrypted: v᝕?䀾Ꞗ宲ၶ媓憥윓嫐㌭砅⊑ᛙ䢘晐㧪ꪓ㷸欃禣哯搳䅛챺宻⨧স詇腯⥱哽ቼឥ궪
decrypted: KzrFmMv^YqMIsxJ[2]6@]e^vNSB\6MQhLW[727YN
Dec 04, 2018 7:46:36 PM CipherTest testEncryptDecrypt
INFO: 
pt: iOM/YRrordxt^cIoX/B/bDA.@|dIhq;j.H8:6NQs
encrypted: ᜰ?䀪ꞛ宮ႇ媬憘윾嫻㌘矰⊐᛭䡪晜㧙ꩲ㷽櫦祛唘摕䅈첞寭⨑঺訩腠⥴唁ናឝ귏
decrypted: iOM/YRrordxt^cIoX/B/bDA.@|dIhq;j.H8:6NQs
Dec 04, 2018 7:46:36 PM CipherTest testEncryptDecrypt
INFO: 
pt: ztUm0gz3mrK}Q{GmXE5Psr|6xoCDcJjPaJr}UrSW
encrypted: ¥᜸?䀁Ʞ家။媧憦윑嬄㌰矣⊎᛫䢀晏㧺ꪠ㸎次祣唋搴䅃챷寨⩀ঠ詜腢⦷唠኷ស궳
decrypted: ztUm0gz3mrK}Q{GmXE5Psr|6xoCDcJjPaJr}UrSW
Dec 04, 2018 7:46:36 PM CipherTest testEncryptDecrypt
INFO: 
pt: Sc5s|t6sOzf0yz-SFa_;9|W4udAECXx[|VFkvdIb
encrypted: ~᜘?䁍ꞽ孲ႋ媉憮윬媷㌯砋≴ᛑ䢜晹㧥ꪪ㷔櫼祡唀搲䅄첅寈⩎ফ詷腮⦥啁ኩផ궾
decrypted: Sc5s|t6sOzf0yz-SFa_;9|W4udAECXx[|VFkvdIb
Dec 04, 2018 7:46:36 PM CipherTest testEncryptDecrypt
INFO: 
pt: ;6:.WYRPF[ej-OzT3LaNNNrlJf@WVsoIZOmm_Aje
encrypted: f᜝?䀨Ꞣ宎ၨ媀憏윫嫱㌄瞿⋁ᛒ䢇晻㧸ꩼ㷩欗禙唂搱䅖철寛⩅ঙ評腧⦧唪ኆា귁
decrypted: ;6:.WYRPF[ej-OzT3LaNNNrlJf@WVsoIZOmm_Aje
Dec 04, 2018 7:46:36 PM CipherTest testEncryptDecrypt
INFO: 
pt: v|CQ5GLQ.m8MptBaBxkPUV2W/VmLO79fIIfN-O{c
encrypted: ¡ᜦ?䀆Ꞑ守ၩ婨憡웾嫔㌩砂⊉ᛟ䢳暅㧺ꪄ㷰櫗禄哲摞䅋챤寔⨏শ詄腡⦈哸ኔះ궿
decrypted: v|CQ5GLQ.m8MptBaBxkPUV2W/VmLO79fIIfN-O{c
Dec 04, 2018 7:46:36 PM CipherTest testEncryptDecrypt
INFO: 
pt: s9/{tfb:3}0KxGicO8X-0B}fs3|2q5HP.UR}R\pm
encrypted: ᜒ?䁅ꞯ实ၒ婭憱웶嫒㋼砊⊰ᛡ䡳晲㧗ꩰ㷋欢禓哏摭䄱챢寶⨞ঠ訩腭⦷唝ኡូ귉
decrypted: s9/{tfb:3}0KxGicO8X-0B}fs3|2q5HP.UR}R\pm
Dec 04, 2018 7:46:36 PM CipherTest testEncryptDecrypt
INFO: 
pt: eGhY5_c]HQ-pE-rUrH7ySCrJjI1gTc;}]qI^9c|y
encrypted: ᝋ?䀆Ꞩ実ၵ媂憅웳嫷㋢矗⊹ᛓ䢃晑㨣ꩱ㷮欗祷哥搢䅦첐寙⨑্詘膉⦘唄ከៈ귕
decrypted: eGhY5_c]HQ-pE-rUrH7ySCrJjI1gTc;}]qI^9c|y
Dec 04, 2018 7:46:36 PM CipherTest testEncryptDecrypt
INFO: 
pt: m}A/RFYshMdW8Z/G;:3e]cAaTt|IV^DU1Vd@]8D_
encrypted: ᜤ?䀣ꞏ宕ႋ媢憁윪嫞㌏矊≶ᛅ䡵晍㨏ꪑ㷸櫦禎唐摭䅈첋寛⨚থ訬腮⥺唨ችថ궻
decrypted: m}A/RFYshMdW8Z/G;:3e]cAaTt|IV^DU1Vd@]8D_
Dec 04, 2018 7:46:36 PM CipherTest testEncryptDecrypt
INFO: 
pt: 9gE8itMi\fiFKx_AoyWioBsbav5SalbR;@{9ti}K
encrypted: dᜨ?䀺ꞽ安ႁ媖憚윯嫍㌭矝⊦ᚿ䢴晱㨓ꩰ㸊欘福唒搦䅒척實⨸ঢ訶腘⥳唿ኮ៉궧
decrypted: 9gE8itMi\fiFKx_AoyWioBsbav5SalbR;@{9ti}K
Dec 04, 2018 7:46:36 PM CipherTest testEncryptDecrypt
INFO: 
pt: CKaGhxC1Jq/X6QtoH[P_|Vd|0qkcMA;lO.3^MK/q
encrypted: nᝄ?䀹ꟁ孿၉媄憥웵嫟㌆矈⊻᛭䢖晪㨉ꪄ㸗欉禩唍摜䅢챮寒⨑়詊腆⦘唘ነ᝻귍
decrypted: CKaGhxC1Jq/X6QtoH[P_|Vd|0qkcMA;lO.3^MK/q
Dec 04, 2018 7:46:36 PM CipherTest testEncryptDecrypt
INFO: 
pt: 5;q4i\naSUP.ulF.xN0z/r4bhhMO:tLkLg0k8HyV
encrypted: `᝔?䀺ꞥ宪ၹ媍憉윖媵㌡砇⊍ᚬ䢉晊㨤ꪠ㷊櫙福唄搾䅎첡宿⨢঻詇腿⦥唃ኍៅ궲
decrypted: 5;q4i\naSUP.ulF.xN0z/r4bhhMO:tLkLg0k8HyV
Dec 04, 2018 7:46:36 PM CipherTest testEncryptDecrypt
INFO: 
pt: }aJj|FvSOuiZU1\6N80gY/5X5e8lD/@R9CU\bgL;
encrypted: ¨ᜭ?䁍ꞏ宲ၫ媉憩윯嫡㋦矧⊣ᚴ䡳晊㨑꩝㷴櫚禅唁搩䅫챜寉⨖ঢ訴腛⦖唭ኬម궗
decrypted: }aJj|FvSOuiZU1\6N80gY/5X5e8lD/@R9CU\bgL;
Dec 04, 2018 7:46:36 PM CipherTest testEncryptDecrypt
INFO: 
pt: WxIFZAq]da;9NJjWAAbYxJz@gwhkK]}_/D}_\RFz
encrypted: ᜬ?䀫꞊宭ၵ媞憕윁嫀㋿矠⊱ᛕ䡼晼㨃꩸㸓欟祭唓摙䅪첊寐⩓য訪腜⦙唧ኗធ귖
decrypted: WxIFZAq]da;9NJjWAAbYxJz@gwhkK]}_/D}_\RFz
Dec 04, 2018 7:46:36 PM CipherTest testEncryptDecrypt
INFO: 
pt: 3O6lm0P811k0xzs3DniFrHjm6nr4;.K@lZsco{yN
encrypted: ^᜙?䀾Ꝺ完ၐ婫慥윱媷㌯砊⊺ᚱ䢩暃㧰ꩶ㸍欏禚唊摣䄳챛寀⨡ঐ詧腲⦝唺ዀៅ궪
decrypted: 3O6lm0P811k0xzs3DniFrHjm6nr4;.K@lZsco{yN
Dec 04, 2018 7:46:36 PM CipherTest testEncryptDecrypt
INFO: 
pt: a@F5Hb0ENXh|vC}7m/655;i|Izb-|\4drBbia4t-
encrypted: ᜩ?䀙Ɜ孬ၝ媈憌윮嬃㋸砈⋄ᚵ䡪晐㧟ꩩ㷐欎禩唖摓䄬첉封⨊঴詭腚⦣唬ቹៀ궉
decrypted: a@F5Hb0ENXh|vC}7m/655;i|Izb-|\4drBbia4t-
Dec 04, 2018 7:46:36 PM CipherTest testEncryptDecrypt
INFO: 
pt: w_qs{@L0SfT-\X{UoNB9mQ_FQ--QjNpzWY9_m7}\
encrypted: ¢᝔?䁌꞉守၈媍憚윚媴㌍矮⋂ᛓ䢉晜㧣ꩿ㸈欄祳哉搞䅐챻寯⩆৊詒腱⦙唸ቼ៉궸
decrypted: w_qs{@L0SfT-\X{UoNB9mQ_FQ--QjNpzWY9_m7}\
Dec 04, 2018 7:46:36 PM CipherTest testEncryptDecrypt
INFO: 
pt: u/t.t^42cGnvV^YsDhzwRqdKJsSp7ASv6AgoX[[[
encrypted:  ᝗?䁅ꞧ孰၊媝慻윴嫽㌓矨⊠ᛱ䢣暔㨡ꪟ㷭欉祸唏摄䅯챮宼⨩৆許腙⦩唣አឧ궷
decrypted: u/t.t^42cGnvV^YsDhzwRqdKJsSp7ASv6AgoX[[[
Dec 04, 2018 7:46:36 PM CipherTest testEncryptDecrypt
INFO: 
pt: grI73UWo5y-oJ0aaveSRnju|GZm6{C0K6TMw/Y^R
encrypted: ᜬ?䀄Ꞟ宓ႇ婯憭웳嫶㋥矜⊨ᛟ䢠晭㧼ꪘ㸉欚禩哶摞䄵챰尀⨆ছ許腬⦱哺ኞឪ궮
decrypted: grI73UWo5y-oJ0aaveSRnju|GZm6{C0K6TMw/Y^R
Dec 04, 2018 7:46:36 PM CipherTest testEncryptDecrypt
INFO: 
pt: v56eSV^M/JMlDaM{n9;.jWwv]/2NnyXVZg|y{DTG
encrypted: ¡᜙?䀤ꞟ定ၥ婩慾윓嫳㌖矖⊔᛹䡴晕㧘ꪅ㸅欜禣哋搣䅍첦寳⨮দ評腿⦳商኉ហ궣
decrypted: v56eSV^M/JMlDaM{n9;.jWwv]/2NnyXVZg|y{DTG
Dec 04, 2018 7:46:36 PM CipherTest testEncryptDecrypt
INFO: 
pt: Aq4QuwrxGJpm:KkYIdT6M@30gOmp3fDy[2GfHjND
encrypted: l᜗?䁆Ꟁ宮႐媁慾윶嫴㌀矌⊲ᛗ䢟普㧠ꩮ㷨櫘祝哫摞䅯첓宸⨚৉詖腊⦠唓ኯរ궠
decrypted: Aq4QuwrxGJpm:KkYIdT6M@30gOmp3fDy[2GfHjND
Dec 04, 2018 7:46:36 PM CipherTest testEncryptDecrypt
INFO: 
pt: 3kO.l:UwlEVkPQL0vB/bvzHDZff@13Avj80/pzq\
encrypted: ^ᜲ?䀽ꞃ宑ႏ媦慹윜嫲㌆矢⊓ᚮ䡽晉㨌ꪨ㸑櫭祱唂摗䄿챠家⨗৆詥腐⥩唻኿ួ궸
decrypted: 3kO.l:UwlEVkPQL0vB/bvzHDZff@13Avj80/pzq\
Dec 04, 2018 7:46:36 PM CipherTest testEncryptDecrypt
INFO: 
pt: _RG0dYg|sbK29mwJsQScucJ-kC|/Bqz{_0f@giW.
encrypted: ᜪ?䀵Ꞣ宣႔媭憖윑媹㌢矋⊾ᛈ䢌晭㨍ꪑ㸐櫯祚哟摭䄮첞寇⩐ো詚腈⥺唲ኮឣ궊
decrypted: _RG0dYg|sbK29mwJsQScucJ-kC|/Bqz{_0f@giW.
Dec 04, 2018 7:46:36 PM CipherTest testEncryptDecrypt
INFO: 
pt: meaH21yAmyuu/G2izBnyI5L/RL1j:a[7^\e{\g-c
encrypted: ᝄ?䀃ꝺ宵ၙ媧憭윻嫼㋼矁≹ᛧ䡽暈㨣ꩣ㷤櫱祜哨搢䅩첎宿⨱ই詙腴⦵唧ኬ᝹궿
decrypted: meaH21yAmyuu/G2izBnyI5L/RL1j:a[7^\e{\g-c
Dec 04, 2018 7:46:36 PM CipherTest testEncryptDecrypt
INFO: 
pt: mGX6e_gN\mpWXgRKJz/mo6M1Z\v^CvJ4EvJVc1vK
encrypted: ᜻?䀶Ꞩ宣ၦ媖憡윶嫞㌜矪⊙ᛉ䢵晉㨗ꩤ㸊櫲神哸摧䅝첣寈⨠঄詀膎⦐售ቶែ궧
decrypted: mGX6e_gN\mpWXgRKJz/mo6M1Z\v^CvJ4EvJVc1vK
Dec 04, 2018 7:46:36 PM CipherTest testEncryptDecrypt
INFO: 
pt: cmpAZ4Tea0JnN9x6Bq]kcFBM9OdiN-1hxIkan0vo
encrypted: ᝓ?䀫Ᵹ宐ၽ媛慤윐嫵㋮矠⊿ᚴ䢬晷㨕ꩴ㷾櫧祺哫摕䅨챚寓⨇স詳腡⦛唹ትែ귋
decrypted: cmpAZ4Tea0JnN9x6Bq]kcFBM9OdiN-1hxIkan0vo
Dec 04, 2018 7:46:36 PM CipherTest testEncryptDecrypt
INFO: 
pt: \VK_[N^4vqx05Sy:^Oem:v74tkhYwyWqKvU^2MJb
encrypted: ᜮ?䀬ꞗ定၌媰憥윾媷㌈矇⋀ᚸ䢊晿㨗ꪤ㷕櫜祡唇摙䅘첦导⨭ু詆膎⦘哽ኒព궾
decrypted: \VK_[N^4vqx05Sy:^Oem:v74tkhYwyWqKvU^2MJb
Dec 04, 2018 7:46:36 PM CipherTest testEncryptDecrypt
INFO: 
pt: G:LfLe.h-TM9JZgx6bAIRvojCY}\j\3haZoO3Bez
encrypted: rᜯ?䀝Ɪ孪ႀ婧憈윓嫀㌏矜⊮ᛶ䢝晛㧳ꪤ㷭欔禗哵摮䅛첉寯⨉স詜腲⦉哾ኇឱ귖
decrypted: G:LfLe.h-TM9JZgx6bAIRvojCY}\j\3haZoO3Bez
Dec 04, 2018 7:46:36 PM CipherTest testEncryptDecrypt
INFO: 
pt: 90MX^a0|GkBsxRgc;RwKOx-k|jDwRbSHf/2i.kZC
encrypted: dᜰ?䀯Ɦ孬႔媁憟윈嫺㌇砊⊮ᛡ䢍暑㧵ꪦ㷪櫒禘唆搵䅶첏寗⨩ঘ詡腇⦣哹ኰឦ궟
decrypted: 90MX^a0|GkBsxRgc;RwKOx-k|jDwRbSHf/2i.kZC
Dec 04, 2018 7:46:36 PM CipherTest testEncryptDecrypt
INFO: 
pt: X}tU7fEvnmyvduda-J-}8o@bpnq_7\e}bi[tBLC3
encrypted: ᝗?䀈ꞯ宁ႎ媨憡윿嫽㌪矶⊫ᛟ䢅晇㨧ꪝ㷓櫥福唊摢䅞첉宼⨻্詝膁⦮唍ኑត궏
decrypted: X}tU7fEvnmyvduda-J-}8o@bpnq_7\e}bi[tBLC3
Dec 04, 2018 7:46:36 PM CipherTest testEncryptDecrypt
INFO: 
pt: g7RdBR}U]MMTxEv_BuOAhHZ.i0[fw2Czo.KxiSPD
encrypted: ᜵?䀓ꞛ容ၭ媗憁윓嫛㋺砊⊽ᛝ䢰晩㧫ꩶ㸃櫿祛哌摌䅥챟导⨙৊詪腆⦲唴ኘវ궠
decrypted: g7RdBR}U]MMTxEv_BuOAhHZ.i0[fw2Czo.KxiSPD
Dec 04, 2018 7:46:36 PM CipherTest testEncryptDecrypt
INFO: 
pt: Z;jJZC35b@/T17R4IJue4lCIFzD1v7epmjW7[QDL
encrypted: ᝍ?䀫ꞌ孯၍媜慴웵嫛㋬矃⊙ᚲ䢅暏㨏ꪚ㷏櫨祶唖搵䄰챤寻⨻ী詨膂⥱唦ኖថ궨
decrypted: Z;jJZC35b@/T17R4IJue4lCIFzD1v7epmjW7[QDL
Dec 04, 2018 7:46:36 PM CipherTest testEncryptDecrypt
INFO: 
pt: ;IwtU8}bdWrp}:V.-N9rsmtU.uFs0Uvo7v[jDT2J
encrypted: f᝚?䀦ꞁ容ၺ媞憋윸嫷㋯砏⊝ᚬ䢉晓㨜ꪛ㸎欙禂唑搷䅲첂宵⩌ি訲膎⦤唏ኙ᝾궦
decrypted: ;IwtU8}bdWrp}:V.-N9rsmtU.uFs0Uvo7v[jDT2J
Dec 04, 2018 7:46:36 PM CipherTest testEncryptDecrypt
INFO: 
pt: Wu4h/zmnKeak0tszDPx8v95aFEIAFAqK7c9/LvCN
encrypted: ᜗?䀀ꟃ宩ႆ媅憙윧嫲㌩矂⊺ᛸ䢋暒㧢ꩧ㸑櫚禎員携䅀챮寋⩇ছ訲腻⥩唗ኻត궪
decrypted: Wu4h/zmnKeak0tszDPx8v95aFEIAFAqK7c9/LvCN
Dec 04, 2018 7:46:36 PM CipherTest testEncryptDecrypt
INFO: 
pt: 8b_P{pKr[QZ@@x9Sbeed0x-gnYL|IYUHTT[Lk6Ia
encrypted: cᝂ?䁌ꞹ宇ႊ媕憅유嫇㌭矒⊀ᛑ䢠晿㨎ꪦ㷋櫒禔哵搽䅻첆寎⨫ঘ詏腬⦆唶ቻផ궽
decrypted: 8b_P{pKr[QZ@@x9Sbeed0x-gnYL|IYUHTT[Lk6Ia
Dec 04, 2018 7:46:36 PM CipherTest testEncryptDecrypt
INFO: 
pt: ^BZliv-4X{Zexaz^A1BF}WSfoPAxYUSJXG851joo
encrypted: ᜽?䀺ꞿ孩၌媒憯유嫬㌖砊⋁ᛜ䡬晜㧰ꪅ㸘櫸禓哬搲䅷첂寞⨩চ詓腟⥯哼ኯុ귋
decrypted: ^BZliv-4X{Zexaz^A1BF}WSfoPAxYUSJXG851joo
Dec 04, 2018 7:46:36 PM CipherTest testEncryptDecrypt
INFO: 
pt: JSh9/DO]3AV;2R8rQiYB]mM^egfnKFbHJ.9|K}54
encrypted: uᝋ?䀀Ɥ宋ၵ婭慵윜嫂㌇矄≿ᛰ䢤晳㧬ꪛ㷸櫲禋唃摗䅭챳寐⨸ঘ詅腆⦶唖ዂខ궐
decrypted: JSh9/DO]3AV;2R8rQiYB]mM^egfnKFbHJ.9|K}54
Dec 04, 2018 7:46:36 PM CipherTest testEncryptDecrypt
INFO: 
pt: ]koy[h3/lM.GJz_-5[IuDDXf}oCPRx4-yOFmGGjo
encrypted: ᝒ?䀬Ʇ孯၇媦憁웴嫎㌯矜⊦ᚫ䢖晣㨟ꩲ㷟櫽禓唋搴䅏첥寗⨊ॽ詴腧⦧唒ኌា귋
decrypted: ]koy[h3/lM.GJz_-5[IuDDXf}oCPRx4-yOFmGGjo
Dec 04, 2018 7:46:36 PM CipherTest testEncryptDecrypt
INFO: 
pt: 8/|eCN@Jktm}BY:M}-@CuBe|6r2LcIwxbz{ystb-
encrypted: c᝟?䀔ꞗ孼ၢ媥憨윳嬄㌎矔⊁ᛋ䡨晚㧭ꩰ㸐權禩唎搣䅋챶寨⩍ৈ詝膒⦳唾ኹឮ궉
decrypted: 8/|eCN@Jktm}BY:M}-@CuBe|6r2LcIwxbz{ystb-
Dec 04, 2018 7:46:36 PM CipherTest testEncryptDecrypt
INFO: 
pt: iUn.wEReaPfxhG{yAt^AK@XFv]nx4DkxWI-[{qn4
encrypted: ᝑ?䁈ꞎ宎ၽ媛憄윬嫿㋼矺⋂ᛷ䢯晸㧫ꩮ㷦櫽祳哹摟䅷챱容⩁ৈ詒腡⦕商኶ឺ궐
decrypted: iUn.wEReaPfxhG{yAt^AK@XFv]nx4DkxWI-[{qn4
Dec 04, 2018 7:46:36 PM CipherTest testEncryptDecrypt
INFO: 
pt: [Pu]H8Z}61JFT8edoYM7hj-euM.x}]b@-]G/QO[Y
encrypted: ᝘?䀙ꞁ宖႕婰慥윐嫍㋭矦⊬ᛢ䢔晧㧡ꪘ㸃櫒禒哩搟䅷첊専⨸ঐ訨腵⥩唜ኔឧ궵
decrypted: [Pu]H8Z}61JFT8edoYM7hj-euM.x}]b@-]G/QO[Y
